<?xml version="1.0" encoding="UTF-8"?>
<testsuite xmlns:xsi="http://www.w3.org/2001/XMLSchema-instance" xsi:noNamespaceSchemaLocation="https://maven.apache.org/surefire/maven-surefire-plugin/xsd/surefire-test-report.xsd" version="3.0.2" name="com.example.e2e.Strategy.PaymentStrategyE2ETest" time="0.249" tests="14" errors="0" skipped="0" failures="0">
  <properties>
[...]
</properties>
  <testcase name="testCreditCardPaymentGetters" classname="com.example.e2e.Strategy.PaymentStrategyE2ETest" time="0.018"/>
  <testcase name="testPaymentContextDefaultState" classname="com.example.e2e.Strategy.PaymentStrategyE2ETest" time="0.006"/>
  <testcase name="testPaymentWorkflowWithStrategyPersistence" classname="com.example.e2e.Strategy.PaymentStrategyE2ETest" time="0.016">
    <system-out><![CDATA[=== PROCESANDO PAGO ===
Método: Debit Card
Monto: $25.0
=== PAGO COMPLETADO ===

=== PROCESANDO PAGO ===
Método: Debit Card
Monto: $75.0
=== PAGO COMPLETADO ===

]]></system-out>
  </testcase>
  <testcase name="testEdgeCaseAmounts" classname="com.example.e2e.Strategy.PaymentStrategyE2ETest" time="0.007">
    <system-out><![CDATA[=== PROCESANDO PAGO ===
Método: Credit Card
Monto: $0.0
=== PAGO COMPLETADO ===

=== PROCESANDO PAGO ===
Método: Credit Card
Monto: $-10.0
=== PAGO COMPLETADO ===

=== PROCESANDO PAGO ===
Método: Credit Card
Monto: $999999.99
=== PAGO COMPLETADO ===

]]></system-out>
  </testcase>
  <testcase name="testDynamicStrategySwitchingInPaymentWorkflow" classname="com.example.e2e.Strategy.PaymentStrategyE2ETest" time="0.032">
    <system-out><![CDATA[=== PROCESANDO PAGO ===
Método: Credit Card
Monto: $200.0
=== PAGO COMPLETADO ===

=== PROCESANDO PAGO ===
Método: Debit Card
Monto: $75.25
=== PAGO COMPLETADO ===

=== PROCESANDO PAGO ===
Método: Credit Card
Monto: $50.0
=== PAGO COMPLETADO ===

]]></system-out>
  </testcase>
  <testcase name="testPaymentStrategyInterfaceMethods" classname="com.example.e2e.Strategy.PaymentStrategyE2ETest" time="0.018"/>
  <testcase name="testDebitCardPaymentGetters" classname="com.example.e2e.Strategy.PaymentStrategyE2ETest" time="0.007"/>
  <testcase name="testExecutePaymentWithoutStrategy" classname="com.example.e2e.Strategy.PaymentStrategyE2ETest" time="0.009"/>
  <testcase name="testCompletePaymentWorkflowWithDebitCard" classname="com.example.e2e.Strategy.PaymentStrategyE2ETest" time="0.003">
    <system-out><![CDATA[=== PROCESANDO PAGO ===
Método: Debit Card
Monto: $89.5
=== PAGO COMPLETADO ===

]]></system-out>
  </testcase>
  <testcase name="testConcurrentPaymentOperationsWithDifferentStrategies" classname="com.example.e2e.Strategy.PaymentStrategyE2ETest" time="0.037">
    <system-out><![CDATA[=== PROCESANDO PAGO ===
=== PROCESANDO PAGO ===
Método: Debit Card
Método: Credit Card
Monto: $10.0
Monto: $10.0
=== PAGO COMPLETADO ===

=== PAGO COMPLETADO ===

=== PROCESANDO PAGO ===
Método: Credit Card
Monto: $10.0
=== PAGO COMPLETADO ===

=== PROCESANDO PAGO ===
Método: Credit Card
Monto: $20.0
=== PROCESANDO PAGO ===
=== PROCESANDO PAGO ===
Método: Debit Card
Monto: $20.0
Método: Credit Card
=== PAGO COMPLETADO ===

Monto: $20.0
=== PAGO COMPLETADO ===

=== PAGO COMPLETADO ===

=== PROCESANDO PAGO ===
=== PROCESANDO PAGO ===
=== PROCESANDO PAGO ===
Método: Credit Card
Método: Credit Card
Método: Debit Card
Monto: $30.0
Monto: $30.0
Monto: $30.0
=== PAGO COMPLETADO ===

=== PAGO COMPLETADO ===

=== PAGO COMPLETADO ===

=== PROCESANDO PAGO ===
Método: Debit Card
=== PROCESANDO PAGO ===
=== PROCESANDO PAGO ===
Método: Credit Card
Método: Credit Card
Monto: $40.0
Monto: $40.0
Monto: $40.0
=== PAGO COMPLETADO ===

=== PAGO COMPLETADO ===

=== PAGO COMPLETADO ===

=== PROCESANDO PAGO ===
=== PROCESANDO PAGO ===
Método: Credit Card
Método: Debit Card
=== PROCESANDO PAGO ===
Método: Credit Card
Monto: $50.0
Monto: $50.0
Monto: $50.0
=== PAGO COMPLETADO ===

=== PAGO COMPLETADO ===

=== PAGO COMPLETADO ===

=== PROCESANDO PAGO ===
Método: Credit Card
Monto: $1.0
=== PAGO COMPLETADO ===

=== PROCESANDO PAGO ===
Método: Debit Card
Monto: $1.0
=== PAGO COMPLETADO ===

=== PROCESANDO PAGO ===
Método: Credit Card
Monto: $1.0
=== PAGO COMPLETADO ===

]]></system-out>
  </testcase>
  <testcase name="testEmptyPaymentDetails" classname="com.example.e2e.Strategy.PaymentStrategyE2ETest" time="0.018">
    <system-out><![CDATA[=== PROCESANDO PAGO ===
Método: Credit Card
Monto: $100.0
=== PAGO COMPLETADO ===

=== PROCESANDO PAGO ===
Método: Credit Card
Monto: $100.0
=== PAGO COMPLETADO ===

]]></system-out>
  </testcase>
  <testcase name="testPaymentContextConstructorWithStrategy" classname="com.example.e2e.Strategy.PaymentStrategyE2ETest" time="0.012"/>
  <testcase name="testCompletePaymentWorkflowWithCreditCard" classname="com.example.e2e.Strategy.PaymentStrategyE2ETest" time="0.005">
    <system-out><![CDATA[=== PROCESANDO PAGO ===
Método: Credit Card
Monto: $150.75
=== PAGO COMPLETADO ===

]]></system-out>
  </testcase>
  <testcase name="testMultiplePaymentScenariosWithDifferentAmounts" classname="com.example.e2e.Strategy.PaymentStrategyE2ETest" time="0.009">
    <system-out><![CDATA[=== PROCESANDO PAGO ===
Método: Credit Card
Monto: $10.0
=== PAGO COMPLETADO ===

=== PROCESANDO PAGO ===
Método: Credit Card
Monto: $100.0
=== PAGO COMPLETADO ===

=== PROCESANDO PAGO ===
Método: Credit Card
Monto: $500.0
=== PAGO COMPLETADO ===

=== PROCESANDO PAGO ===
Método: Credit Card
Monto: $1000.0
=== PAGO COMPLETADO ===

=== PROCESANDO PAGO ===
Método: Credit Card
Monto: $0.5
=== PAGO COMPLETADO ===

]]></system-out>
  </testcase>
</testsuite>