<?xml version="1.0" encoding="UTF-8"?>
<testsuite xmlns:xsi="http://www.w3.org/2001/XMLSchema-instance" xsi:noNamespaceSchemaLocation="https://maven.apache.org/surefire/maven-surefire-plugin/xsd/surefire-test-report.xsd" version="3.0.2" name="com.example.unit.Command.CommandDemoUnitTest" time="0.068" tests="5" errors="0" skipped="0" failures="0">
  <properties>
[...]
</properties>
  <testcase name="testCommandDemoMainMethod" classname="com.example.unit.Command.CommandDemoUnitTest" time="0.018"/>
  <testcase name="testCommandDemoCompletesWithoutExceptions" classname="com.example.unit.Command.CommandDemoUnitTest" time="0.004">
    <system-out><![CDATA[PATRON COMMAND

Cuentas creadas:
Cuenta 1: 123456789 - Tipo: Ahorros - Saldo: $1000.0
Cuenta 2: 987654321 - Tipo: Corriente - Saldo: $500.0

=== EJECUTANDO OPERACIONES ===

=== Ejecutando comando a través del TransactionInvoker ===
Comando: Depósito: $200.00 en cuenta 123456789 | Estado: Pendiente
Ejecutando comando: Depósito
Comando ejecutado exitosamente
Comando agregado al historial
Total de comandos en historial: 1

=== Ejecutando comando a través del TransactionInvoker ===
Comando: Depósito: $100.00 en cuenta 987654321 | Estado: Pendiente
Ejecutando comando: Depósito
Comando ejecutado exitosamente
Comando agregado al historial
Total de comandos en historial: 2

=== Ejecutando comando a través del TransactionInvoker ===
Comando: Retiro: $150.00 de cuenta 123456789 | Estado: Pendiente
Ejecutando comando: Retiro
Comando ejecutado exitosamente
Comando agregado al historial
Total de comandos en historial: 3

=== Ejecutando comando a través del TransactionInvoker ===
Comando: Retiro: $700.00 de cuenta 987654321 | Estado: Pendiente
Ejecutando comando: Retiro
Error: Fondos insuficientes para retirar $700.0
Saldo disponible: $600.0
Comando agregado al historial
Total de comandos en historial: 4

=== Ejecutando comando a través del TransactionInvoker ===
Comando: Transferencia: $300.00 de 123456789 a 987654321 | Estado: Pendiente
Ejecutando comando: Transferencia
Comando ejecutado exitosamente
Comando agregado al historial
Total de comandos en historial: 5

=== Ejecutando comando a través del TransactionInvoker ===
Comando: Transferencia: $500.00 de 987654321 a 123456789 | Estado: Pendiente
Ejecutando comando: Transferencia
Comando ejecutado exitosamente
Comando agregado al historial
Total de comandos en historial: 6

MOSTRANDO HISTORIAL

=== Historial de Comandos ===
1. Depósito: $200.00 en cuenta 123456789 | Estado: Ejecutado
2. Depósito: $100.00 en cuenta 987654321 | Estado: Ejecutado
3. Retiro: $150.00 de cuenta 123456789 | Estado: Ejecutado exitosamente
4. Retiro: $700.00 de cuenta 987654321 | Estado: Fallido (fondos insuficientes)
5. Transferencia: $300.00 de 123456789 a 987654321 | Estado: Ejecutado exitosamente
6. Transferencia: $500.00 de 987654321 a 123456789 | Estado: Ejecutado exitosamente

=== MOSTRANDO ESTADO ACTUAL DE CUENTAS ===
Cuenta 1: $1250.0
Cuenta 2: $400.0

=== DEMOSTRACIÓN DE DESHACER/REHACER ===

=== Estado de Pilas ===
Pila de Deshacer: 6 comandos
Pila de Rehacer: 0 comandos
Último comando en pila de deshacer: Transferencia: $500.00 de 987654321 a 123456789 | Estado: Ejecutado exitosamente

=== Deshaciendo último comando ===
Comando a deshacer: Transferencia: $500.00 de 987654321 a 123456789 | Estado: Ejecutado exitosamente
Deshaciendo comando: Transferencia
Transferencia de $500.0 deshecha
Balance cuenta origen: $900.0
Balance cuenta destino: $750.0
Comando deshecho y movido a pila de rehacer

Estado después de deshacer:
Cuenta 1: $750.0
Cuenta 2: $900.0

=== Deshaciendo último comando ===
Comando a deshacer: Transferencia: $300.00 de 123456789 a 987654321 | Estado: Ejecutado exitosamente
Deshaciendo comando: Transferencia
Transferencia de $300.0 deshecha
Balance cuenta origen: $1050.0
Balance cuenta destino: $600.0
Comando deshecho y movido a pila de rehacer

=== Estado de Pilas ===
Pila de Deshacer: 4 comandos
Pila de Rehacer: 2 comandos
Último comando en pila de deshacer: Retiro: $700.00 de cuenta 987654321 | Estado: Fallido (fondos insuficientes)
Último comando en pila de rehacer: Transferencia: $300.00 de 123456789 a 987654321 | Estado: Pendiente

=== Rehaciendo último comando deshecho ===
Comando a rehacer: Transferencia: $300.00 de 123456789 a 987654321 | Estado: Pendiente
Ejecutando comando: Transferencia
Comando ejecutado exitosamente
Comando rehecho y movido a pila de deshacer

Estado después de rehacer:
Cuenta 1: $750.0
Cuenta 2: $900.0

=== HISTORIAL FINAL ===

=== Historial de Comandos ===
1. Depósito: $200.00 en cuenta 123456789 | Estado: Ejecutado
2. Depósito: $100.00 en cuenta 987654321 | Estado: Ejecutado
3. Retiro: $150.00 de cuenta 123456789 | Estado: Ejecutado exitosamente
4. Retiro: $700.00 de cuenta 987654321 | Estado: Fallido (fondos insuficientes)
5. Transferencia: $300.00 de 123456789 a 987654321 | Estado: Ejecutado exitosamente
6. Transferencia: $500.00 de 987654321 a 123456789 | Estado: Pendiente

=== ESTADO FINAL DE CUENTAS ===
Cuenta 1: $750.0
Cuenta 2: $900.0
]]></system-out>
  </testcase>
  <testcase name="testCommandDemoShowsCommandHistory" classname="com.example.unit.Command.CommandDemoUnitTest" time="0.012"/>
  <testcase name="testCommandDemoOutputContainsAccountInfo" classname="com.example.unit.Command.CommandDemoUnitTest" time="0.005"/>
  <testcase name="testCommandDemoShowsUndoRedoFunctionality" classname="com.example.unit.Command.CommandDemoUnitTest" time="0.005"/>
</testsuite>