<?xml version="1.0" encoding="UTF-8"?>
<testsuite xmlns:xsi="http://www.w3.org/2001/XMLSchema-instance" xsi:noNamespaceSchemaLocation="https://maven.apache.org/surefire/maven-surefire-plugin/xsd/surefire-test-report.xsd" version="3.0.2" name="test.java.com.example.integration.Facade.NotificationSystemIntegrationTest" time="0.409" tests="11" errors="0" skipped="0" failures="0">
  <properties>
[...]
</properties>
  <testcase name="testNotifyTransactionSuccess_Withdraw" classname="test.java.com.example.integration.Facade.NotificationSystemIntegrationTest" time="0.072">
    <system-out><![CDATA[=== NOTIFICACIÓN POR EMAIL ===
Para: cliente@example.com
Asunto: Transacción exitosa - Retiro
Mensaje: Su retiro de $200.0 en la cuenta ACC123 fue procesada exitamente.
=============================
=== NOTIFICACIÓN POR SMS ===
Para: +1234567890
Mensaje: Retiro exitosa: $200.0 en cuenta C123
==========================
]]></system-out>
  </testcase>
  <testcase name="testNotifyTransactionFailure_Deposit" classname="test.java.com.example.integration.Facade.NotificationSystemIntegrationTest" time="0.013">
    <system-out><![CDATA[=== NOTIFICACIÓN POR EMAIL ===
Para: cliente@example.com
Asunto: Transacción fallida - Depósito
Mensaje: Su depósito de $500.0 en la cuenta ACC123 no pudo ser procesada. Razón: Fondos insuficientes
=============================
]]></system-out>
  </testcase>
  <testcase name="testNotifyAccountCreation" classname="test.java.com.example.integration.Facade.NotificationSystemIntegrationTest" time="0.029">
    <system-out><![CDATA[=== NOTIFICACIÓN POR EMAIL ===
Para: juan@example.com
Asunto: ¡Bienvenido! Su nueva cuenta ha sido creada
Mensaje: Estimado Juan Pérez,

Su nueva cuenta ACC123 ha sido creada exitosamente.
Saldo inicial: $1000.0

Gracias por confiar en nuestro banco.
=============================
]]></system-out>
  </testcase>
  <testcase name="testNotifyTransactionSuccess_Deposit" classname="test.java.com.example.integration.Facade.NotificationSystemIntegrationTest" time="0.013">
    <system-out><![CDATA[=== NOTIFICACIÓN POR EMAIL ===
Para: cliente@example.com
Asunto: Transacción exitosa - Depósito
Mensaje: Su depósito de $500.0 en la cuenta ACC123 fue procesada exitamente.
=============================
=== NOTIFICACIÓN POR SMS ===
Para: +1234567890
Mensaje: Depósito exitosa: $500.0 en cuenta C123
==========================
]]></system-out>
  </testcase>
  <testcase name="testSendPushNotification" classname="test.java.com.example.integration.Facade.NotificationSystemIntegrationTest" time="0.009">
    <system-out><![CDATA[=== NOTIFICACIÓN PUSH ===
Dispositivo: device123
Título: Título push
Contenido: Cuerpo del mensaje push
========================
]]></system-out>
  </testcase>
  <testcase name="testNotifyTransactionFailure_Transfer" classname="test.java.com.example.integration.Facade.NotificationSystemIntegrationTest" time="0.013">
    <system-out><![CDATA[=== NOTIFICACIÓN POR EMAIL ===
Para: cliente@example.com
Asunto: Transacción fallida - Transferencia
Mensaje: Su transferencia de $300.0 en la cuenta ACC123 no pudo ser procesada. Razón: Error en procesamiento
=============================
]]></system-out>
  </testcase>
  <testcase name="testSendEmail" classname="test.java.com.example.integration.Facade.NotificationSystemIntegrationTest" time="0.009">
    <system-out><![CDATA[=== NOTIFICACIÓN POR EMAIL ===
Para: test@example.com
Asunto: Asunto de prueba
Mensaje: Mensaje de prueba
=============================
]]></system-out>
  </testcase>
  <testcase name="testNotifyTransactionSuccess_Transfer" classname="test.java.com.example.integration.Facade.NotificationSystemIntegrationTest" time="0.004">
    <system-out><![CDATA[=== NOTIFICACIÓN POR EMAIL ===
Para: cliente@example.com
Asunto: Transacción exitosa - Transferencia
Mensaje: Su transferencia de $300.0 en la cuenta ACC123 fue procesada exitamente.
=============================
=== NOTIFICACIÓN POR SMS ===
Para: +1234567890
Mensaje: Transferencia exitosa: $300.0 en cuenta C123
==========================
]]></system-out>
  </testcase>
  <testcase name="testMultipleNotifications" classname="test.java.com.example.integration.Facade.NotificationSystemIntegrationTest" time="0.032">
    <system-out><![CDATA[=== NOTIFICACIÓN POR EMAIL ===
Para: cliente1@example.com
Asunto: ¡Bienvenido! Su nueva cuenta ha sido creada
Mensaje: Estimado Cliente 1,

Su nueva cuenta ACC123 ha sido creada exitosamente.
Saldo inicial: $1000.0

Gracias por confiar en nuestro banco.
=============================
=== NOTIFICACIÓN POR EMAIL ===
Para: cliente1@example.com
Asunto: Transacción exitosa - Depósito
Mensaje: Su depósito de $500.0 en la cuenta ACC123 fue procesada exitamente.
=============================
=== NOTIFICACIÓN POR SMS ===
Para: +1234567890
Mensaje: Depósito exitosa: $500.0 en cuenta C123
==========================
=== NOTIFICACIÓN POR EMAIL ===
Para: cliente2@example.com
Asunto: Transacción fallida - Transferencia
Mensaje: Su transferencia de $300.0 en la cuenta ACC456 no pudo ser procesada. Razón: Cuenta destino no existe
=============================
=== NOTIFICACIÓN POR EMAIL ===
Para: admin@example.com
Asunto: Reporte diario
Mensaje: Resumen de actividades
=============================
]]></system-out>
  </testcase>
  <testcase name="testSendSMS" classname="test.java.com.example.integration.Facade.NotificationSystemIntegrationTest" time="0.006">
    <system-out><![CDATA[=== NOTIFICACIÓN POR SMS ===
Para: +1234567890
Mensaje: Mensaje SMS de prueba
==========================
]]></system-out>
  </testcase>
  <testcase name="testNotifyTransactionFailure_Withdraw" classname="test.java.com.example.integration.Facade.NotificationSystemIntegrationTest" time="0.006">
    <system-out><![CDATA[=== NOTIFICACIÓN POR EMAIL ===
Para: cliente@example.com
Asunto: Transacción fallida - Retiro
Mensaje: Su retiro de $200.0 en la cuenta ACC123 no pudo ser procesada. Razón: Cuenta no existe
=============================
]]></system-out>
  </testcase>
</testsuite>