<?xml version="1.0" encoding="UTF-8"?>
<testsuite xmlns:xsi="http://www.w3.org/2001/XMLSchema-instance" xsi:noNamespaceSchemaLocation="https://maven.apache.org/surefire/maven-surefire-plugin/xsd/surefire-test-report.xsd" version="3.0.2" name="com.example.unit.Command.DepositCommandUnitTest" time="0.034" tests="6" errors="0" skipped="0" failures="0">
  <properties>
[...]
</properties>
  <testcase name="testDepositCommandCannotExecuteTwice" classname="com.example.unit.Command.DepositCommandUnitTest" time="0.001">
    <system-out><![CDATA[Ejecutando comando: Depósito
Comando ejecutado exitosamente
Comando ya fue ejecutado anteriormente
]]></system-out>
  </testcase>
  <testcase name="testDepositCommandCreation" classname="com.example.unit.Command.DepositCommandUnitTest" time="0.004"/>
  <testcase name="testDepositCommandExecution" classname="com.example.unit.Command.DepositCommandUnitTest" time="0.003">
    <system-out><![CDATA[Ejecutando comando: Depósito
Comando ejecutado exitosamente
]]></system-out>
  </testcase>
  <testcase name="testDepositCommandWithNegativeAmount" classname="com.example.unit.Command.DepositCommandUnitTest" time="0.002">
    <system-out><![CDATA[Ejecutando comando: Depósito
Comando ejecutado exitosamente
]]></system-out>
  </testcase>
  <testcase name="testDepositCommandDetailsBeforeExecution" classname="com.example.unit.Command.DepositCommandUnitTest" time="0.001"/>
  <testcase name="testDepositCommandWithZeroAmount" classname="com.example.unit.Command.DepositCommandUnitTest" time="0.01">
    <system-out><![CDATA[Ejecutando comando: Depósito
Comando ejecutado exitosamente
]]></system-out>
  </testcase>
</testsuite>