<?xml version="1.0" encoding="UTF-8"?>
<testsuite xmlns:xsi="http://www.w3.org/2001/XMLSchema-instance" xsi:noNamespaceSchemaLocation="https://maven.apache.org/surefire/maven-surefire-plugin/xsd/surefire-test-report.xsd" version="3.0.2" name="com.example.integration.Facade.AccountSystemIntegrationTest" time="0.216" tests="11" errors="0" skipped="0" failures="1">
  <properties>
[...]
</properties>
  <testcase name="testVerifyAccount_AccountExists" classname="com.example.integration.Facade.AccountSystemIntegrationTest" time="0.039">
    <system-out><![CDATA[Creando cuenta para: María García con saldo inicial: $500.0
Cuenta creada: ACC1763171261330
Verificando cuenta: ACC1763171261330
]]></system-out>
  </testcase>
  <testcase name="testVerifyAccount_AccountNotExists" classname="com.example.integration.Facade.AccountSystemIntegrationTest" time="0.015">
    <system-out><![CDATA[Verificando cuenta: NON_EXISTENT_ACC
]]></system-out>
  </testcase>
  <testcase name="testMultipleAccounts" classname="com.example.integration.Facade.AccountSystemIntegrationTest" time="0.077">
    <failure message="expected: &lt;1000.0&gt; but was: &lt;2000.0&gt;" type="org.opentest4j.AssertionFailedError"><![CDATA[org.opentest4j.AssertionFailedError: expected: <1000.0> but was: <2000.0>
	at org.junit.jupiter.api.AssertionFailureBuilder.build(AssertionFailureBuilder.java:151)
	at org.junit.jupiter.api.AssertionFailureBuilder.buildAndThrow(AssertionFailureBuilder.java:132)
	at org.junit.jupiter.api.AssertEquals.failNotEqual(AssertEquals.java:197)
	at org.junit.jupiter.api.AssertEquals.assertEquals(AssertEquals.java:70)
	at org.junit.jupiter.api.AssertEquals.assertEquals(AssertEquals.java:65)
	at org.junit.jupiter.api.Assertions.assertEquals(Assertions.java:889)
	at com.example.integration.Facade.AccountSystemIntegrationTest.testMultipleAccounts(AccountSystemIntegrationTest.java:124)
	at java.base/java.lang.reflect.Method.invoke(Method.java:565)
	at java.base/java.util.ArrayList.forEach(ArrayList.java:1604)
	at java.base/java.util.ArrayList.forEach(ArrayList.java:1604)
]]></failure>
    <system-out><![CDATA[Creando cuenta para: Cliente 1 con saldo inicial: $1000.0
Cuenta creada: ACC1763171261395
Creando cuenta para: Cliente 2 con saldo inicial: $2000.0
Cuenta creada: ACC1763171261395
Verificando cuenta: ACC1763171261395
Verificando cuenta: ACC1763171261395
Obteniendo saldo de cuenta: ACC1763171261395
]]></system-out>
  </testcase>
  <testcase name="testCreateAccount_Success" classname="com.example.integration.Facade.AccountSystemIntegrationTest" time="0.011">
    <system-out><![CDATA[Creando cuenta para: Juan Pérez con saldo inicial: $1000.0
Cuenta creada: ACC1763171261482
Verificando cuenta: ACC1763171261482
]]></system-out>
  </testcase>
  <testcase name="testGetBalance_AccountNotExists" classname="com.example.integration.Facade.AccountSystemIntegrationTest" time="0.003">
    <system-out><![CDATA[Obteniendo saldo de cuenta: NON_EXISTENT_ACC
]]></system-out>
  </testcase>
  <testcase name="testGetBalance_AccountExists" classname="com.example.integration.Facade.AccountSystemIntegrationTest" time="0.005">
    <system-out><![CDATA[Creando cuenta para: Carlos López con saldo inicial: $1500.0
Cuenta creada: ACC1763171261500
Obteniendo saldo de cuenta: ACC1763171261500
]]></system-out>
  </testcase>
  <testcase name="testGetAccountHolder_AccountNotExists" classname="com.example.integration.Facade.AccountSystemIntegrationTest" time="0.004">
    <system-out><![CDATA[Obteniendo titular de cuenta: NON_EXISTENT_ACC
]]></system-out>
  </testcase>
  <testcase name="testUpdateBalance_Deposit" classname="com.example.integration.Facade.AccountSystemIntegrationTest" time="0.004">
    <system-out><![CDATA[Creando cuenta para: Ana Rodríguez con saldo inicial: $1000.0
Cuenta creada: ACC1763171261512
Actualizando saldo de cuenta ACC1763171261512 con cambio: $500.0
Nuevo saldo de cuenta ACC1763171261512: $1500.0
Obteniendo saldo de cuenta: ACC1763171261512
]]></system-out>
  </testcase>
  <testcase name="testGetAccountHolder_AccountExists" classname="com.example.integration.Facade.AccountSystemIntegrationTest" time="0.002">
    <system-out><![CDATA[Creando cuenta para: Laura Sánchez con saldo inicial: $2000.0
Cuenta creada: ACC1763171261518
Obteniendo titular de cuenta: ACC1763171261518
]]></system-out>
  </testcase>
  <testcase name="testUpdateBalance_Withdraw" classname="com.example.integration.Facade.AccountSystemIntegrationTest" time="0.002">
    <system-out><![CDATA[Creando cuenta para: Pedro Martínez con saldo inicial: $1000.0
Cuenta creada: ACC1763171261521
Actualizando saldo de cuenta ACC1763171261521 con cambio: $-300.0
Nuevo saldo de cuenta ACC1763171261521: $700.0
Obteniendo saldo de cuenta: ACC1763171261521
]]></system-out>
  </testcase>
  <testcase name="testUpdateBalance_NewAccount" classname="com.example.integration.Facade.AccountSystemIntegrationTest" time="0.002">
    <system-out><![CDATA[Actualizando saldo de cuenta NEW_ACC_123 con cambio: $1000.0
Nuevo saldo de cuenta NEW_ACC_123: $1000.0
Obteniendo saldo de cuenta: NEW_ACC_123
]]></system-out>
  </testcase>
</testsuite>